<?xml version="1.0" encoding="UTF-8"?>
<testsuite xmlns:xsi="http://www.w3.org/2001/XMLSchema-instance" xsi:noNamespaceSchemaLocation="https://maven.apache.org/surefire/maven-surefire-plugin/xsd/surefire-test-report-3.0.xsd" version="3.0" name="DanielAnufrievGit.ImageProcessorTest" time="0.582" tests="2" errors="0" skipped="0" failures="0">
  <properties>
[...]
</properties>
  <testcase name="testPerformSobel" classname="DanielAnufrievGit.ImageProcessorTest" time="0.297"/>
  <testcase name="testApplyGaussianBlur" classname="DanielAnufrievGit.ImageProcessorTest" time="0.243"/>
</testsuite>